[0115/185049.231:ERROR:process_reader_win.cc(151)] SuspendThread: A hozzáférés megtagadva. (0x5)
[0115/185049.233:ERROR:process_reader_win.cc(151)] SuspendThread: A hozzáférés megtagadva. (0x5)
[0115/185049.233:ERROR:process_reader_win.cc(151)] SuspendThread: A hozzáférés megtagadva. (0x5)
[0115/185049.233:ERROR:process_reader_win.cc(151)] SuspendThread: A hozzáférés megtagadva. (0x5)
[0115/185049.233:ERROR:process_reader_win.cc(151)] SuspendThread: A hozzáférés megtagadva. (0x5)
[0115/185049.233:ERROR:process_reader_win.cc(151)] SuspendThread: A hozzáférés megtagadva. (0x5)
[0115/185049.233:ERROR:process_reader_win.cc(151)] SuspendThread: A hozzáférés megtagadva. (0x5)
[0115/185049.233:ERROR:process_reader_win.cc(123)] NtOpenThread: {Hozzáférés megtagadva} A folyamat hozzáférést kért egy objektumhoz, de ehhez nem volt engedélye. (0xc0000022)
[0115/185049.238:ERROR:exception_snapshot_win.cc(88)] thread ID 196392 not found in process
[0116/195231.328:ERROR:process_reader_win.cc(123)] NtOpenThread: {Hozzáférés megtagadva} A folyamat hozzáférést kért egy objektumhoz, de ehhez nem volt engedélye. (0xc0000022)
[0116/195231.339:ERROR:exception_snapshot_win.cc(88)] thread ID 284892 not found in process
[0327/130111.720:ERROR:process_reader_win.cc(123)] NtOpenThread: {Hozzáférés megtagadva} A folyamat hozzáférést kért egy objektumhoz, de ehhez nem volt engedélye. (0xc0000022)
[0327/130111.722:ERROR:exception_snapshot_win.cc(88)] thread ID 606032 not found in process
[0327/130111.741:ERROR:process_reader_win.cc(151)] SuspendThread: A hozzáférés megtagadva. (0x5)
[0327/130111.742:ERROR:process_reader_win.cc(151)] SuspendThread: A hozzáférés megtagadva. (0x5)
[0327/130111.742:ERROR:process_reader_win.cc(151)] SuspendThread: A hozzáférés megtagadva. (0x5)
[0327/130111.742:ERROR:process_reader_win.cc(123)] NtOpenThread: {Hozzáférés megtagadva} A folyamat hozzáférést kért egy objektumhoz, de ehhez nem volt engedélye. (0xc0000022)
[0327/130111.743:ERROR:exception_snapshot_win.cc(88)] thread ID 608796 not found in process
[0327/130232.886:ERROR:process_reader_win.cc(123)] NtOpenThread: {Hozzáférés megtagadva} A folyamat hozzáférést kért egy objektumhoz, de ehhez nem volt engedélye. (0xc0000022)
[0327/130232.887:ERROR:exception_snapshot_win.cc(88)] thread ID 603312 not found in process
[0327/130411.453:ERROR:process_reader_win.cc(123)] NtOpenThread: {Hozzáférés megtagadva} A folyamat hozzáférést kért egy objektumhoz, de ehhez nem volt engedélye. (0xc0000022)
[0327/130411.454:ERROR:exception_snapshot_win.cc(88)] thread ID 517380 not found in process
[0327/133140.172:ERROR:process_reader_win.cc(123)] NtOpenThread: {Hozzáférés megtagadva} A folyamat hozzáférést kért egy objektumhoz, de ehhez nem volt engedélye. (0xc0000022)
[0327/133140.175:ERROR:exception_snapshot_win.cc(88)] thread ID 614428 not found in process
[0327/133140.164:ERROR:process_reader_win.cc(123)] NtOpenThread: {Hozzáférés megtagadva} A folyamat hozzáférést kért egy objektumhoz, de ehhez nem volt engedélye. (0xc0000022)
[0327/133140.175:ERROR:exception_snapshot_win.cc(88)] thread ID 611964 not found in process
[0327/134456.359:ERROR:process_reader_win.cc(123)] NtOpenThread: {Hozzáférés megtagadva} A folyamat hozzáférést kért egy objektumhoz, de ehhez nem volt engedélye. (0xc0000022)
[0327/134456.362:ERROR:exception_snapshot_win.cc(88)] thread ID 620504 not found in process
[0327/134456.366:ERROR:process_reader_win.cc(123)] NtOpenThread: {Hozzáférés megtagadva} A folyamat hozzáférést kért egy objektumhoz, de ehhez nem volt engedélye. (0xc0000022)
[0327/134456.368:ERROR:exception_snapshot_win.cc(88)] thread ID 619280 not found in process
[0327/134645.764:ERROR:process_reader_win.cc(123)] NtOpenThread: {Hozzáférés megtagadva} A folyamat hozzáférést kért egy objektumhoz, de ehhez nem volt engedélye. (0xc0000022)
[0327/134645.765:ERROR:exception_snapshot_win.cc(88)] thread ID 619996 not found in process
[0327/140338.967:ERROR:process_reader_win.cc(123)] NtOpenThread: {Hozzáférés megtagadva} A folyamat hozzáférést kért egy objektumhoz, de ehhez nem volt engedélye. (0xc0000022)
[0327/140338.969:ERROR:exception_snapshot_win.cc(88)] thread ID 625348 not found in process
[0327/140338.972:ERROR:process_reader_win.cc(123)] NtOpenThread: {Hozzáférés megtagadva} A folyamat hozzáférést kért egy objektumhoz, de ehhez nem volt engedélye. (0xc0000022)
[0327/140338.977:ERROR:exception_snapshot_win.cc(88)] thread ID 625340 not found in process
[0328/133013.752:ERROR:process_reader_win.cc(123)] NtOpenThread: {Hozzáférés megtagadva} A folyamat hozzáférést kért egy objektumhoz, de ehhez nem volt engedélye. (0xc0000022)
[0328/133013.761:ERROR:exception_snapshot_win.cc(98)] thread ID 127132 not found in process
[0328/133013.780:ERROR:process_reader_win.cc(123)] NtOpenThread: {Hozzáférés megtagadva} A folyamat hozzáférést kért egy objektumhoz, de ehhez nem volt engedélye. (0xc0000022)
[0328/133013.781:ERROR:exception_snapshot_win.cc(98)] thread ID 127924 not found in process
[0328/133013.764:ERROR:process_reader_win.cc(123)] NtOpenThread: {Hozzáférés megtagadva} A folyamat hozzáférést kért egy objektumhoz, de ehhez nem volt engedélye. (0xc0000022)
[0328/133013.783:ERROR:exception_snapshot_win.cc(98)] thread ID 127388 not found in process
[0328/133013.783:ERROR:process_reader_win.cc(123)] NtOpenThread: {Hozzáférés megtagadva} A folyamat hozzáférést kért egy objektumhoz, de ehhez nem volt engedélye. (0xc0000022)
[0328/133013.785:ERROR:exception_snapshot_win.cc(98)] thread ID 127224 not found in process
[0328/133013.784:ERROR:process_reader_win.cc(123)] NtOpenThread: {Hozzáférés megtagadva} A folyamat hozzáférést kért egy objektumhoz, de ehhez nem volt engedélye. (0xc0000022)
[0328/133013.786:ERROR:exception_snapshot_win.cc(98)] thread ID 127220 not found in process
[0328/133255.310:ERROR:process_reader_win.cc(123)] NtOpenThread: {Hozzáférés megtagadva} A folyamat hozzáférést kért egy objektumhoz, de ehhez nem volt engedélye. (0xc0000022)
[0328/133255.311:ERROR:exception_snapshot_win.cc(98)] thread ID 127540 not found in process
[0329/174953.190:ERROR:process_reader_win.cc(123)] NtOpenThread: {Hozzáférés megtagadva} A folyamat hozzáférést kért egy objektumhoz, de ehhez nem volt engedélye. (0xc0000022)
[0329/174953.193:ERROR:exception_snapshot_win.cc(98)] thread ID 275832 not found in process
[0329/182307.764:ERROR:process_reader_win.cc(123)] NtOpenThread: {Hozzáférés megtagadva} A folyamat hozzáférést kért egy objektumhoz, de ehhez nem volt engedélye. (0xc0000022)
[0329/182307.766:ERROR:exception_snapshot_win.cc(98)] thread ID 283940 not found in process
[0329/182307.776:ERROR:process_reader_win.cc(151)] SuspendThread: A hozzáférés megtagadva. (0x5)
[0329/182307.778:ERROR:process_reader_win.cc(151)] SuspendThread: A hozzáférés megtagadva. (0x5)
[0329/182307.778:ERROR:process_reader_win.cc(151)] SuspendThread: A hozzáférés megtagadva. (0x5)
[0329/182307.778:ERROR:process_reader_win.cc(151)] SuspendThread: A hozzáférés megtagadva. (0x5)
[0329/182307.778:ERROR:process_reader_win.cc(151)] SuspendThread: A hozzáférés megtagadva. (0x5)
[0329/182307.778:ERROR:process_reader_win.cc(123)] NtOpenThread: {Hozzáférés megtagadva} A folyamat hozzáférést kért egy objektumhoz, de ehhez nem volt engedélye. (0xc0000022)
[0329/182307.779:ERROR:exception_snapshot_win.cc(98)] thread ID 284000 not found in process
[0329/182809.860:ERROR:process_reader_win.cc(123)] NtOpenThread: {Hozzáférés megtagadva} A folyamat hozzáférést kért egy objektumhoz, de ehhez nem volt engedélye. (0xc0000022)
[0329/182809.864:ERROR:exception_snapshot_win.cc(98)] thread ID 286488 not found in process
[0329/190047.876:ERROR:process_reader_win.cc(123)] NtOpenThread: {Hozzáférés megtagadva} A folyamat hozzáférést kért egy objektumhoz, de ehhez nem volt engedélye. (0xc0000022)
[0329/190047.877:ERROR:exception_snapshot_win.cc(98)] thread ID 293080 not found in process
[0329/190047.883:ERROR:process_reader_win.cc(123)] NtOpenThread: {Hozzáférés megtagadva} A folyamat hozzáférést kért egy objektumhoz, de ehhez nem volt engedélye. (0xc0000022)
[0329/190047.886:ERROR:exception_snapshot_win.cc(98)] thread ID 293096 not found in process
[0401/141707.344:ERROR:process_reader_win.cc(123)] NtOpenThread: {Hozzáférés megtagadva} A folyamat hozzáférést kért egy objektumhoz, de ehhez nem volt engedélye. (0xc0000022)
[0401/141707.353:ERROR:exception_snapshot_win.cc(98)] thread ID 432244 not found in process
[0401/144806.985:ERROR:process_reader_win.cc(123)] NtOpenThread: {Hozzáférés megtagadva} A folyamat hozzáférést kért egy objektumhoz, de ehhez nem volt engedélye. (0xc0000022)
[0401/144806.987:ERROR:exception_snapshot_win.cc(98)] thread ID 436920 not found in process
[0401/144806.996:ERROR:process_reader_win.cc(123)] NtOpenThread: {Hozzáférés megtagadva} A folyamat hozzáférést kért egy objektumhoz, de ehhez nem volt engedélye. (0xc0000022)
[0401/144806.997:ERROR:exception_snapshot_win.cc(98)] thread ID 441196 not found in process
[0401/154321.178:ERROR:process_reader_win.cc(123)] NtOpenThread: {Hozzáférés megtagadva} A folyamat hozzáférést kért egy objektumhoz, de ehhez nem volt engedélye. (0xc0000022)
[0401/154321.187:ERROR:exception_snapshot_win.cc(98)] thread ID 453076 not found in process
[0401/154739.782:ERROR:process_reader_win.cc(123)] NtOpenThread: {Hozzáférés megtagadva} A folyamat hozzáférést kért egy objektumhoz, de ehhez nem volt engedélye. (0xc0000022)
[0401/154739.783:ERROR:exception_snapshot_win.cc(98)] thread ID 456448 not found in process
[0401/155947.158:ERROR:process_reader_win.cc(151)] SuspendThread: A hozzáférés megtagadva. (0x5)
[0401/155947.159:ERROR:process_reader_win.cc(151)] SuspendThread: A hozzáférés megtagadva. (0x5)
[0401/155947.159:ERROR:process_reader_win.cc(123)] NtOpenThread: {Hozzáférés megtagadva} A folyamat hozzáférést kért egy objektumhoz, de ehhez nem volt engedélye. (0xc0000022)
[0401/155947.160:ERROR:exception_snapshot_win.cc(98)] thread ID 461668 not found in process
[0401/155947.171:ERROR:process_reader_win.cc(123)] NtOpenThread: {Hozzáférés megtagadva} A folyamat hozzáférést kért egy objektumhoz, de ehhez nem volt engedélye. (0xc0000022)
[0401/155947.172:ERROR:exception_snapshot_win.cc(98)] thread ID 461652 not found in process
[0401/162322.988:ERROR:process_reader_win.cc(151)] SuspendThread: A hozzáférés megtagadva. (0x5)
[0401/162322.989:ERROR:process_reader_win.cc(151)] SuspendThread: A hozzáférés megtagadva. (0x5)
[0401/162322.989:ERROR:process_reader_win.cc(151)] SuspendThread: A hozzáférés megtagadva. (0x5)
[0401/162322.989:ERROR:process_reader_win.cc(151)] SuspendThread: A hozzáférés megtagadva. (0x5)
[0401/162322.989:ERROR:process_reader_win.cc(151)] SuspendThread: A hozzáférés megtagadva. (0x5)
[0401/162322.989:ERROR:process_reader_win.cc(151)] SuspendThread: A hozzáférés megtagadva. (0x5)
[0401/162322.989:ERROR:process_reader_win.cc(151)] SuspendThread: A hozzáférés megtagadva. (0x5)
[0401/162322.990:ERROR:process_reader_win.cc(151)] SuspendThread: A hozzáférés megtagadva. (0x5)
[0401/162322.990:ERROR:process_reader_win.cc(123)] NtOpenThread: {Hozzáférés megtagadva} A folyamat hozzáférést kért egy objektumhoz, de ehhez nem volt engedélye. (0xc0000022)
[0401/162322.990:ERROR:exception_snapshot_win.cc(98)] thread ID 467816 not found in process
[0401/162323.000:ERROR:process_reader_win.cc(123)] NtOpenThread: {Hozzáférés megtagadva} A folyamat hozzáférést kért egy objektumhoz, de ehhez nem volt engedélye. (0xc0000022)
[0401/162323.001:ERROR:exception_snapshot_win.cc(98)] thread ID 467832 not found in process
[0402/122508.472:ERROR:process_reader_win.cc(123)] NtOpenThread: {Hozzáférés megtagadva} A folyamat hozzáférést kért egy objektumhoz, de ehhez nem volt engedélye. (0xc0000022)
[0402/122508.477:ERROR:exception_snapshot_win.cc(98)] thread ID 567648 not found in process
[0402/122508.520:ERROR:process_reader_win.cc(123)] NtOpenThread: {Hozzáférés megtagadva} A folyamat hozzáférést kért egy objektumhoz, de ehhez nem volt engedélye. (0xc0000022)
[0402/122508.522:ERROR:exception_snapshot_win.cc(98)] thread ID 567552 not found in process
[0402/122610.611:ERROR:process_reader_win.cc(123)] NtOpenThread: {Hozzáférés megtagadva} A folyamat hozzáférést kért egy objektumhoz, de ehhez nem volt engedélye. (0xc0000022)
[0402/122610.612:ERROR:exception_snapshot_win.cc(98)] thread ID 564164 not found in process
[0402/225016.391:ERROR:process_reader_win.cc(123)] NtOpenThread: {Hozzáférés megtagadva} A folyamat hozzáférést kért egy objektumhoz, de ehhez nem volt engedélye. (0xc0000022)
[0402/225016.394:ERROR:exception_snapshot_win.cc(98)] thread ID 672084 not found in process
[0403/085139.476:ERROR:process_reader_win.cc(123)] NtOpenThread: {Hozzáférés megtagadva} A folyamat hozzáférést kért egy objektumhoz, de ehhez nem volt engedélye. (0xc0000022)
[0403/085139.479:ERROR:exception_snapshot_win.cc(98)] thread ID 633240 not found in process
[0403/101735.200:ERROR:process_reader_win.cc(123)] NtOpenThread: {Hozzáférés megtagadva} A folyamat hozzáférést kért egy objektumhoz, de ehhez nem volt engedélye. (0xc0000022)
[0403/101735.209:ERROR:exception_snapshot_win.cc(98)] thread ID 690720 not found in process
[0403/113521.861:ERROR:process_reader_win.cc(123)] NtOpenThread: {Hozzáférés megtagadva} A folyamat hozzáférést kért egy objektumhoz, de ehhez nem volt engedélye. (0xc0000022)
[0403/113521.869:ERROR:exception_snapshot_win.cc(98)] thread ID 711148 not found in process
[0403/134525.895:ERROR:process_reader_win.cc(123)] NtOpenThread: {Hozzáférés megtagadva} A folyamat hozzáférést kért egy objektumhoz, de ehhez nem volt engedélye. (0xc0000022)
[0403/134525.903:ERROR:exception_snapshot_win.cc(98)] thread ID 743680 not found in process
[0403/142805.653:ERROR:process_reader_win.cc(123)] NtOpenThread: {Hozzáférés megtagadva} A folyamat hozzáférést kért egy objektumhoz, de ehhez nem volt engedélye. (0xc0000022)
[0403/142805.662:ERROR:exception_snapshot_win.cc(98)] thread ID 752140 not found in process
[0403/142915.457:ERROR:process_reader_win.cc(123)] NtOpenThread: {Hozzáférés megtagadva} A folyamat hozzáférést kért egy objektumhoz, de ehhez nem volt engedélye. (0xc0000022)
[0403/142915.458:ERROR:exception_snapshot_win.cc(98)] thread ID 749936 not found in process
[0403/143213.206:ERROR:process_reader_win.cc(123)] NtOpenThread: {Hozzáférés megtagadva} A folyamat hozzáférést kért egy objektumhoz, de ehhez nem volt engedélye. (0xc0000022)
[0403/143213.210:ERROR:exception_snapshot_win.cc(98)] thread ID 753304 not found in process
[0403/143849.153:ERROR:process_reader_win.cc(123)] NtOpenThread: {Hozzáférés megtagadva} A folyamat hozzáférést kért egy objektumhoz, de ehhez nem volt engedélye. (0xc0000022)
[0403/143849.155:ERROR:exception_snapshot_win.cc(98)] thread ID 754888 not found in process
[0403/200029.415:ERROR:process_reader_win.cc(123)] NtOpenThread: {Hozzáférés megtagadva} A folyamat hozzáférést kért egy objektumhoz, de ehhez nem volt engedélye. (0xc0000022)
[0403/200029.419:ERROR:exception_snapshot_win.cc(98)] thread ID 762116 not found in process
[0404/085226.292:ERROR:process_reader_win.cc(123)] NtOpenThread: {Hozzáférés megtagadva} A folyamat hozzáférést kért egy objektumhoz, de ehhez nem volt engedélye. (0xc0000022)
[0404/085226.296:ERROR:exception_snapshot_win.cc(98)] thread ID 791192 not found in process
[0404/085226.300:ERROR:process_reader_win.cc(123)] NtOpenThread: {Hozzáférés megtagadva} A folyamat hozzáférést kért egy objektumhoz, de ehhez nem volt engedélye. (0xc0000022)
[0404/085226.304:ERROR:exception_snapshot_win.cc(98)] thread ID 775292 not found in process
[0404/103348.341:ERROR:process_reader_win.cc(123)] NtOpenThread: {Hozzáférés megtagadva} A folyamat hozzáférést kért egy objektumhoz, de ehhez nem volt engedélye. (0xc0000022)
[0404/103348.344:ERROR:exception_snapshot_win.cc(98)] thread ID 828300 not found in process
[0404/103348.360:ERROR:process_reader_win.cc(123)] NtOpenThread: {Hozzáférés megtagadva} A folyamat hozzáférést kért egy objektumhoz, de ehhez nem volt engedélye. (0xc0000022)
[0404/103348.362:ERROR:exception_snapshot_win.cc(98)] thread ID 828316 not found in process
[0404/103348.363:ERROR:process_reader_win.cc(123)] NtOpenThread: {Hozzáférés megtagadva} A folyamat hozzáférést kért egy objektumhoz, de ehhez nem volt engedélye. (0xc0000022)
[0404/103348.365:ERROR:exception_snapshot_win.cc(98)] thread ID 828156 not found in process
[0404/103445.578:ERROR:process_reader_win.cc(123)] NtOpenThread: {Hozzáférés megtagadva} A folyamat hozzáférést kért egy objektumhoz, de ehhez nem volt engedélye. (0xc0000022)
[0404/103445.586:ERROR:exception_snapshot_win.cc(98)] thread ID 827912 not found in process
[0404/142712.160:ERROR:process_reader_win.cc(123)] NtOpenThread: {Hozzáférés megtagadva} A folyamat hozzáférést kért egy objektumhoz, de ehhez nem volt engedélye. (0xc0000022)
[0404/142712.163:ERROR:exception_snapshot_win.cc(98)] thread ID 844104 not found in process
[0404/142737.213:ERROR:process_reader_win.cc(151)] SuspendThread: A hozzáférés megtagadva. (0x5)
[0404/142737.214:ERROR:process_reader_win.cc(151)] SuspendThread: A hozzáférés megtagadva. (0x5)
[0404/142737.214:ERROR:process_reader_win.cc(151)] SuspendThread: A hozzáférés megtagadva. (0x5)
[0404/142737.214:ERROR:process_reader_win.cc(151)] SuspendThread: A hozzáférés megtagadva. (0x5)
[0404/142737.214:ERROR:process_reader_win.cc(151)] SuspendThread: A hozzáférés megtagadva. (0x5)
[0404/142737.215:ERROR:process_reader_win.cc(151)] SuspendThread: A hozzáférés megtagadva. (0x5)
[0404/142737.215:ERROR:process_reader_win.cc(151)] SuspendThread: A hozzáférés megtagadva. (0x5)
[0404/142737.215:ERROR:process_reader_win.cc(123)] NtOpenThread: {Hozzáférés megtagadva} A folyamat hozzáférést kért egy objektumhoz, de ehhez nem volt engedélye. (0xc0000022)
[0404/142737.215:ERROR:exception_snapshot_win.cc(98)] thread ID 884064 not found in process
[0404/185737.528:ERROR:process_reader_win.cc(123)] NtOpenThread: {Hozzáférés megtagadva} A folyamat hozzáférést kért egy objektumhoz, de ehhez nem volt engedélye. (0xc0000022)
[0404/185737.520:ERROR:process_reader_win.cc(123)] NtOpenThread: {Hozzáférés megtagadva} A folyamat hozzáférést kért egy objektumhoz, de ehhez nem volt engedélye. (0xc0000022)
[0404/185737.530:ERROR:exception_snapshot_win.cc(98)] thread ID 916124 not found in process
[0404/185737.530:ERROR:exception_snapshot_win.cc(98)] thread ID 916096 not found in process
[0404/185813.470:ERROR:process_reader_win.cc(123)] NtOpenThread: {Hozzáférés megtagadva} A folyamat hozzáférést kért egy objektumhoz, de ehhez nem volt engedélye. (0xc0000022)
[0404/185813.471:ERROR:exception_snapshot_win.cc(98)] thread ID 916440 not found in process
[0405/081549.232:ERROR:process_reader_win.cc(123)] NtOpenThread: {Hozzáférés megtagadva} A folyamat hozzáférést kért egy objektumhoz, de ehhez nem volt engedélye. (0xc0000022)
[0405/081549.241:ERROR:exception_snapshot_win.cc(98)] thread ID 974912 not found in process
[0405/081549.240:ERROR:process_reader_win.cc(123)] NtOpenThread: {Hozzáférés megtagadva} A folyamat hozzáférést kért egy objektumhoz, de ehhez nem volt engedélye. (0xc0000022)
[0405/081549.241:ERROR:exception_snapshot_win.cc(98)] thread ID 975348 not found in process
[0405/121828.569:ERROR:process_reader_win.cc(123)] NtOpenThread: {Hozzáférés megtagadva} A folyamat hozzáférést kért egy objektumhoz, de ehhez nem volt engedélye. (0xc0000022)
[0405/121828.579:ERROR:exception_snapshot_win.cc(98)] thread ID 1000164 not found in process
[0405/121828.590:ERROR:process_reader_win.cc(123)] NtOpenThread: {Hozzáférés megtagadva} A folyamat hozzáférést kért egy objektumhoz, de ehhez nem volt engedélye. (0xc0000022)
[0405/121828.592:ERROR:exception_snapshot_win.cc(98)] thread ID 1000552 not found in process
[0405/121828.607:ERROR:process_reader_win.cc(123)] NtOpenThread: {Hozzáférés megtagadva} A folyamat hozzáférést kért egy objektumhoz, de ehhez nem volt engedélye. (0xc0000022)
[0405/121828.609:ERROR:exception_snapshot_win.cc(98)] thread ID 996076 not found in process
[0405/122552.634:ERROR:process_reader_win.cc(123)] NtOpenThread: {Hozzáférés megtagadva} A folyamat hozzáférést kért egy objektumhoz, de ehhez nem volt engedélye. (0xc0000022)
[0405/122552.636:ERROR:process_reader_win.cc(123)] NtOpenThread: {Hozzáférés megtagadva} A folyamat hozzáférést kért egy objektumhoz, de ehhez nem volt engedélye. (0xc0000022)
[0405/122552.643:ERROR:exception_snapshot_win.cc(98)] thread ID 1003968 not found in process
[0405/122552.643:ERROR:exception_snapshot_win.cc(98)] thread ID 1003992 not found in process
[0405/123051.800:ERROR:process_reader_win.cc(123)] NtOpenThread: {Hozzáférés megtagadva} A folyamat hozzáférést kért egy objektumhoz, de ehhez nem volt engedélye. (0xc0000022)
[0405/123051.801:ERROR:exception_snapshot_win.cc(98)] thread ID 1004836 not found in process
[0408/100333.384:ERROR:process_reader_win.cc(123)] NtOpenThread: {Hozzáférés megtagadva} A folyamat hozzáférést kért egy objektumhoz, de ehhez nem volt engedélye. (0xc0000022)
[0408/100333.393:ERROR:exception_snapshot_win.cc(98)] thread ID 1234968 not found in process
[0408/103535.534:ERROR:process_reader_win.cc(123)] NtOpenThread: {Hozzáférés megtagadva} A folyamat hozzáférést kért egy objektumhoz, de ehhez nem volt engedélye. (0xc0000022)
[0408/103535.535:ERROR:exception_snapshot_win.cc(98)] thread ID 1252380 not found in process
[0408/135900.372:ERROR:process_reader_win.cc(123)] NtOpenThread: {Hozzáférés megtagadva} A folyamat hozzáférést kért egy objektumhoz, de ehhez nem volt engedélye. (0xc0000022)
[0408/135900.375:ERROR:exception_snapshot_win.cc(98)] thread ID 1317704 not found in process
[0408/135900.391:ERROR:process_reader_win.cc(123)] NtOpenThread: {Hozzáférés megtagadva} A folyamat hozzáférést kért egy objektumhoz, de ehhez nem volt engedélye. (0xc0000022)
[0408/135900.393:ERROR:exception_snapshot_win.cc(98)] thread ID 1317692 not found in process
[0409/160808.251:ERROR:process_reader_win.cc(123)] NtOpenThread: {Hozzáférés megtagadva} A folyamat hozzáférést kért egy objektumhoz, de ehhez nem volt engedélye. (0xc0000022)
[0409/160808.254:ERROR:exception_snapshot_win.cc(98)] thread ID 1519344 not found in process
[0409/193622.425:ERROR:process_reader_win.cc(123)] NtOpenThread: {Hozzáférés megtagadva} A folyamat hozzáférést kért egy objektumhoz, de ehhez nem volt engedélye. (0xc0000022)
[0409/193622.429:ERROR:exception_snapshot_win.cc(98)] thread ID 1550752 not found in process
[0409/221905.184:ERROR:file_io.cc(89)] ReadExactly: expected 36, observed 0
[0411/091259.172:ERROR:process_reader_win.cc(123)] NtOpenThread: {Hozzáférés megtagadva} A folyamat hozzáférést kért egy objektumhoz, de ehhez nem volt engedélye. (0xc0000022)
[0411/091259.184:ERROR:exception_snapshot_win.cc(98)] thread ID 147636 not found in process
[0411/143846.307:ERROR:process_reader_win.cc(123)] NtOpenThread: {Hozzáférés megtagadva} A folyamat hozzáférést kért egy objektumhoz, de ehhez nem volt engedélye. (0xc0000022)
[0411/143846.310:ERROR:exception_snapshot_win.cc(98)] thread ID 212204 not found in process
[0411/144329.492:ERROR:process_reader_win.cc(123)] NtOpenThread: {Hozzáférés megtagadva} A folyamat hozzáférést kért egy objektumhoz, de ehhez nem volt engedélye. (0xc0000022)
[0411/144329.494:ERROR:exception_snapshot_win.cc(98)] thread ID 211816 not found in process
[0411/153243.395:ERROR:process_reader_win.cc(123)] NtOpenThread: {Hozzáférés megtagadva} A folyamat hozzáférést kért egy objektumhoz, de ehhez nem volt engedélye. (0xc0000022)
[0411/153243.397:ERROR:exception_snapshot_win.cc(98)] thread ID 221796 not found in process
[0412/095455.301:ERROR:process_reader_win.cc(123)] NtOpenThread: {Hozzáférés megtagadva} A folyamat hozzáférést kért egy objektumhoz, de ehhez nem volt engedélye. (0xc0000022)
[0412/095455.316:ERROR:exception_snapshot_win.cc(98)] thread ID 253756 not found in process
[0412/115222.218:ERROR:process_reader_win.cc(123)] NtOpenThread: {Hozzáférés megtagadva} A folyamat hozzáférést kért egy objektumhoz, de ehhez nem volt engedélye. (0xc0000022)
[0412/115222.223:ERROR:exception_snapshot_win.cc(98)] thread ID 283144 not found in process
[0412/120604.124:ERROR:process_reader_win.cc(123)] NtOpenThread: {Hozzáférés megtagadva} A folyamat hozzáférést kért egy objektumhoz, de ehhez nem volt engedélye. (0xc0000022)
[0412/120604.132:ERROR:exception_snapshot_win.cc(98)] thread ID 287076 not found in process
[0412/122314.649:ERROR:process_reader_win.cc(123)] NtOpenThread: {Hozzáférés megtagadva} A folyamat hozzáférést kért egy objektumhoz, de ehhez nem volt engedélye. (0xc0000022)
[0412/122314.654:ERROR:exception_snapshot_win.cc(98)] thread ID 290536 not found in process
[0412/130025.240:ERROR:process_reader_win.cc(123)] NtOpenThread: {Hozzáférés megtagadva} A folyamat hozzáférést kért egy objektumhoz, de ehhez nem volt engedélye. (0xc0000022)
[0412/130025.243:ERROR:exception_snapshot_win.cc(98)] thread ID 302620 not found in process
[0412/142455.987:ERROR:process_reader_win.cc(123)] NtOpenThread: {Hozzáférés megtagadva} A folyamat hozzáférést kért egy objektumhoz, de ehhez nem volt engedélye. (0xc0000022)
[0412/142455.987:ERROR:exception_snapshot_win.cc(98)] thread ID 329284 not found in process
[0412/142913.888:ERROR:process_reader_win.cc(123)] NtOpenThread: {Hozzáférés megtagadva} A folyamat hozzáférést kért egy objektumhoz, de ehhez nem volt engedélye. (0xc0000022)
[0412/142913.888:ERROR:exception_snapshot_win.cc(98)] thread ID 329152 not found in process
[0412/222015.518:ERROR:process_reader_win.cc(123)] NtOpenThread: {Hozzáférés megtagadva} A folyamat hozzáférést kért egy objektumhoz, de ehhez nem volt engedélye. (0xc0000022)
[0412/222015.529:ERROR:exception_snapshot_win.cc(98)] thread ID 410236 not found in process
[0412/223250.324:ERROR:process_reader_win.cc(123)] NtOpenThread: {Hozzáférés megtagadva} A folyamat hozzáférést kért egy objektumhoz, de ehhez nem volt engedélye. (0xc0000022)
[0412/223250.335:ERROR:exception_snapshot_win.cc(98)] thread ID 436160 not found in process
[0412/223250.354:ERROR:process_reader_win.cc(123)] NtOpenThread: {Hozzáférés megtagadva} A folyamat hozzáférést kért egy objektumhoz, de ehhez nem volt engedélye. (0xc0000022)
[0412/223250.356:ERROR:exception_snapshot_win.cc(98)] thread ID 436168 not found in process
[0412/231226.088:ERROR:file_io.cc(89)] ReadExactly: expected 36, observed 0
[0412/231259.944:ERROR:process_reader_win.cc(123)] NtOpenThread: {Hozzáférés megtagadva} A folyamat hozzáférést kért egy objektumhoz, de ehhez nem volt engedélye. (0xc0000022)
[0412/231259.944:ERROR:exception_snapshot_win.cc(98)] thread ID 387096 not found in process
[0412/231259.948:ERROR:process_reader_win.cc(123)] NtOpenThread: {Hozzáférés megtagadva} A folyamat hozzáférést kért egy objektumhoz, de ehhez nem volt engedélye. (0xc0000022)
[0412/231259.948:ERROR:exception_snapshot_win.cc(98)] thread ID 438088 not found in process
[0412/231259.964:ERROR:process_reader_win.cc(123)] NtOpenThread: {Hozzáférés megtagadva} A folyamat hozzáférést kért egy objektumhoz, de ehhez nem volt engedélye. (0xc0000022)
[0412/231259.968:ERROR:exception_snapshot_win.cc(98)] thread ID 434152 not found in process
[0413/085123.024:ERROR:process_reader_win.cc(123)] NtOpenThread: {Hozzáférés megtagadva} A folyamat hozzáférést kért egy objektumhoz, de ehhez nem volt engedélye. (0xc0000022)
[0413/085123.024:ERROR:process_reader_win.cc(123)] NtOpenThread: {Hozzáférés megtagadva} A folyamat hozzáférést kért egy objektumhoz, de ehhez nem volt engedélye. (0xc0000022)
[0413/085123.036:ERROR:exception_snapshot_win.cc(98)] thread ID 442128 not found in process
[0413/085123.036:ERROR:exception_snapshot_win.cc(98)] thread ID 440544 not found in process
[0414/201807.416:ERROR:process_reader_win.cc(123)] NtOpenThread: {Hozzáférés megtagadva} A folyamat hozzáférést kért egy objektumhoz, de ehhez nem volt engedélye. (0xc0000022)
[0414/201807.433:ERROR:exception_snapshot_win.cc(98)] thread ID 528056 not found in process
[0414/202106.610:ERROR:process_reader_win.cc(123)] NtOpenThread: {Hozzáférés megtagadva} A folyamat hozzáférést kért egy objektumhoz, de ehhez nem volt engedélye. (0xc0000022)
[0414/202106.617:ERROR:exception_snapshot_win.cc(98)] thread ID 528292 not found in process
[0415/122220.925:ERROR:process_reader_win.cc(123)] NtOpenThread: {Hozzáférés megtagadva} A folyamat hozzáférést kért egy objektumhoz, de ehhez nem volt engedélye. (0xc0000022)
[0415/122220.934:ERROR:exception_snapshot_win.cc(98)] thread ID 67204 not found in process
[0415/130258.110:ERROR:process_reader_win.cc(123)] NtOpenThread: {Hozzáférés megtagadva} A folyamat hozzáférést kért egy objektumhoz, de ehhez nem volt engedélye. (0xc0000022)
[0415/130258.126:ERROR:exception_snapshot_win.cc(98)] thread ID 81656 not found in process
[0415/130525.997:ERROR:process_reader_win.cc(123)] NtOpenThread: {Hozzáférés megtagadva} A folyamat hozzáférést kért egy objektumhoz, de ehhez nem volt engedélye. (0xc0000022)
[0415/130526.001:ERROR:exception_snapshot_win.cc(98)] thread ID 83588 not found in process
[0415/202318.602:ERROR:process_reader_win.cc(123)] NtOpenThread: {Hozzáférés megtagadva} A folyamat hozzáférést kért egy objektumhoz, de ehhez nem volt engedélye. (0xc0000022)
[0415/202318.606:ERROR:exception_snapshot_win.cc(98)] thread ID 157756 not found in process
[0415/202912.118:ERROR:file_io.cc(89)] ReadExactly: expected 36, observed 0
[0415/221511.047:ERROR:process_reader_win.cc(123)] NtOpenThread: {Hozzáférés megtagadva} A folyamat hozzáférést kért egy objektumhoz, de ehhez nem volt engedélye. (0xc0000022)
[0415/221511.047:ERROR:exception_snapshot_win.cc(98)] thread ID 168608 not found in process
[0415/221511.051:ERROR:process_reader_win.cc(123)] NtOpenThread: {Hozzáférés megtagadva} A folyamat hozzáférést kért egy objektumhoz, de ehhez nem volt engedélye. (0xc0000022)
[0415/221511.055:ERROR:exception_snapshot_win.cc(98)] thread ID 168592 not found in process
[0415/221511.051:ERROR:process_reader_win.cc(123)] NtOpenThread: {Hozzáférés megtagadva} A folyamat hozzáférést kért egy objektumhoz, de ehhez nem volt engedélye. (0xc0000022)
[0415/221511.055:ERROR:exception_snapshot_win.cc(98)] thread ID 168636 not found in process
[0415/221511.059:ERROR:process_reader_win.cc(123)] NtOpenThread: {Hozzáférés megtagadva} A folyamat hozzáférést kért egy objektumhoz, de ehhez nem volt engedélye. (0xc0000022)
[0415/221511.059:ERROR:exception_snapshot_win.cc(98)] thread ID 168620 not found in process
[0415/222658.662:ERROR:process_reader_win.cc(151)] SuspendThread: A hozzáférés megtagadva. (0x5)
[0415/222658.666:ERROR:process_reader_win.cc(151)] SuspendThread: A hozzáférés megtagadva. (0x5)
[0415/222658.666:ERROR:process_reader_win.cc(151)] SuspendThread: A hozzáférés megtagadva. (0x5)
[0415/222658.666:ERROR:process_reader_win.cc(151)] SuspendThread: A hozzáférés megtagadva. (0x5)
[0415/222658.666:ERROR:process_reader_win.cc(151)] SuspendThread: A hozzáférés megtagadva. (0x5)
[0415/222658.666:ERROR:process_reader_win.cc(123)] NtOpenThread: {Hozzáférés megtagadva} A folyamat hozzáférést kért egy objektumhoz, de ehhez nem volt engedélye. (0xc0000022)
[0415/222658.666:ERROR:exception_snapshot_win.cc(98)] thread ID 170060 not found in process
[0415/222658.774:ERROR:process_reader_win.cc(151)] SuspendThread: A hozzáférés megtagadva. (0x5)
[0415/222658.786:ERROR:process_reader_win.cc(151)] SuspendThread: A hozzáférés megtagadva. (0x5)
[0415/222658.786:ERROR:process_reader_win.cc(151)] SuspendThread: A hozzáférés megtagadva. (0x5)
[0415/222658.786:ERROR:process_reader_win.cc(151)] SuspendThread: A hozzáférés megtagadva. (0x5)
[0415/222658.786:ERROR:process_reader_win.cc(123)] NtOpenThread: {Hozzáférés megtagadva} A folyamat hozzáférést kért egy objektumhoz, de ehhez nem volt engedélye. (0xc0000022)
[0415/222658.787:ERROR:exception_snapshot_win.cc(98)] thread ID 169312 not found in process
[0415/222658.904:ERROR:process_reader_win.cc(151)] SuspendThread: A hozzáférés megtagadva. (0x5)
[0415/222658.906:ERROR:process_reader_win.cc(151)] SuspendThread: A hozzáférés megtagadva. (0x5)
[0415/222658.906:ERROR:process_reader_win.cc(151)] SuspendThread: A hozzáférés megtagadva. (0x5)
[0415/222658.906:ERROR:process_reader_win.cc(151)] SuspendThread: A hozzáférés megtagadva. (0x5)
[0415/222658.906:ERROR:process_reader_win.cc(151)] SuspendThread: A hozzáférés megtagadva. (0x5)
[0415/222658.906:ERROR:process_reader_win.cc(151)] SuspendThread: A hozzáférés megtagadva. (0x5)
[0415/222658.906:ERROR:process_reader_win.cc(151)] SuspendThread: A hozzáférés megtagadva. (0x5)
[0415/222658.906:ERROR:process_reader_win.cc(123)] NtOpenThread: {Hozzáférés megtagadva} A folyamat hozzáférést kért egy objektumhoz, de ehhez nem volt engedélye. (0xc0000022)
[0415/222658.908:ERROR:exception_snapshot_win.cc(98)] thread ID 171996 not found in process
[0415/223256.480:ERROR:process_reader_win.cc(123)] NtOpenThread: {Hozzáférés megtagadva} A folyamat hozzáférést kért egy objektumhoz, de ehhez nem volt engedélye. (0xc0000022)
[0415/223256.488:ERROR:exception_snapshot_win.cc(98)] thread ID 7468 not found in process
[0416/130315.219:ERROR:process_reader_win.cc(123)] NtOpenThread: {Hozzáférés megtagadva} A folyamat hozzáférést kért egy objektumhoz, de ehhez nem volt engedélye. (0xc0000022)
[0416/130315.227:ERROR:exception_snapshot_win.cc(98)] thread ID 77072 not found in process
[0416/141803.637:ERROR:process_reader_win.cc(151)] SuspendThread: A hozzáférés megtagadva. (0x5)
[0416/141803.639:ERROR:process_reader_win.cc(123)] NtOpenThread: {Hozzáférés megtagadva} A folyamat hozzáférést kért egy objektumhoz, de ehhez nem volt engedélye. (0xc0000022)
[0416/141803.640:ERROR:exception_snapshot_win.cc(98)] thread ID 80460 not found in process
[0416/141803.632:ERROR:process_reader_win.cc(151)] SuspendThread: A hozzáférés megtagadva. (0x5)
[0416/141803.686:ERROR:process_reader_win.cc(151)] SuspendThread: A hozzáférés megtagadva. (0x5)
[0416/141803.686:ERROR:process_reader_win.cc(123)] NtOpenThread: {Hozzáférés megtagadva} A folyamat hozzáférést kért egy objektumhoz, de ehhez nem volt engedélye. (0xc0000022)
[0416/141803.686:ERROR:exception_snapshot_win.cc(98)] thread ID 74204 not found in process
[0416/141803.701:ERROR:process_reader_win.cc(151)] SuspendThread: A hozzáférés megtagadva. (0x5)
[0416/141803.702:ERROR:process_reader_win.cc(151)] SuspendThread: A hozzáférés megtagadva. (0x5)
[0416/141803.702:ERROR:process_reader_win.cc(151)] SuspendThread: A hozzáférés megtagadva. (0x5)
[0416/141803.702:ERROR:process_reader_win.cc(151)] SuspendThread: A hozzáférés megtagadva. (0x5)
[0416/141803.702:ERROR:process_reader_win.cc(151)] SuspendThread: A hozzáférés megtagadva. (0x5)
[0416/141803.702:ERROR:process_reader_win.cc(123)] NtOpenThread: {Hozzáférés megtagadva} A folyamat hozzáférést kért egy objektumhoz, de ehhez nem volt engedélye. (0xc0000022)
[0416/141803.703:ERROR:exception_snapshot_win.cc(98)] thread ID 86188 not found in process
[0416/141803.739:ERROR:process_reader_win.cc(151)] SuspendThread: A hozzáférés megtagadva. (0x5)
[0416/141803.739:ERROR:process_reader_win.cc(151)] SuspendThread: A hozzáférés megtagadva. (0x5)
[0416/141803.741:ERROR:process_reader_win.cc(151)] SuspendThread: A hozzáférés megtagadva. (0x5)
[0416/141803.741:ERROR:process_reader_win.cc(151)] SuspendThread: A hozzáférés megtagadva. (0x5)
[0416/141803.741:ERROR:process_reader_win.cc(151)] SuspendThread: A hozzáférés megtagadva. (0x5)
[0416/141803.741:ERROR:process_reader_win.cc(151)] SuspendThread: A hozzáférés megtagadva. (0x5)
[0416/141803.741:ERROR:process_reader_win.cc(151)] SuspendThread: A hozzáférés megtagadva. (0x5)
[0416/141803.741:ERROR:process_reader_win.cc(151)] SuspendThread: A hozzáférés megtagadva. (0x5)
[0416/141803.741:ERROR:process_reader_win.cc(151)] SuspendThread: A hozzáférés megtagadva. (0x5)
[0416/141803.741:ERROR:process_reader_win.cc(151)] SuspendThread: A hozzáférés megtagadva. (0x5)
[0416/141803.741:ERROR:process_reader_win.cc(123)] NtOpenThread: {Hozzáférés megtagadva} A folyamat hozzáférést kért egy objektumhoz, de ehhez nem volt engedélye. (0xc0000022)
[0416/141803.741:ERROR:process_reader_win.cc(123)] NtOpenThread: {Hozzáférés megtagadva} A folyamat hozzáférést kért egy objektumhoz, de ehhez nem volt engedélye. (0xc0000022)
[0416/141803.742:ERROR:exception_snapshot_win.cc(98)] thread ID 85672 not found in process
[0416/141803.742:ERROR:exception_snapshot_win.cc(98)] thread ID 86236 not found in process
[0416/145426.148:ERROR:file_io.cc(89)] ReadExactly: expected 36, observed 0
[0416/171657.013:ERROR:process_reader_win.cc(151)] SuspendThread: A hozzáférés megtagadva. (0x5)
[0416/171657.019:ERROR:process_reader_win.cc(151)] SuspendThread: A hozzáférés megtagadva. (0x5)
[0416/171657.019:ERROR:process_reader_win.cc(151)] SuspendThread: A hozzáférés megtagadva. (0x5)
[0416/171657.020:ERROR:process_reader_win.cc(151)] SuspendThread: A hozzáférés megtagadva. (0x5)
[0416/171657.020:ERROR:process_reader_win.cc(151)] SuspendThread: A hozzáférés megtagadva. (0x5)
[0416/171657.021:ERROR:process_reader_win.cc(151)] SuspendThread: A hozzáférés megtagadva. (0x5)
[0416/171657.021:ERROR:process_reader_win.cc(151)] SuspendThread: A hozzáférés megtagadva. (0x5)
[0416/171657.021:ERROR:process_reader_win.cc(123)] NtOpenThread: {Hozzáférés megtagadva} A folyamat hozzáférést kért egy objektumhoz, de ehhez nem volt engedélye. (0xc0000022)
[0416/171657.022:ERROR:exception_snapshot_win.cc(98)] thread ID 103412 not found in process
[0416/193044.198:ERROR:process_reader_win.cc(123)] NtOpenThread: {Hozzáférés megtagadva} A folyamat hozzáférést kért egy objektumhoz, de ehhez nem volt engedélye. (0xc0000022)
[0416/193044.202:ERROR:exception_snapshot_win.cc(98)] thread ID 128824 not found in process
[0416/193044.220:ERROR:process_reader_win.cc(123)] NtOpenThread: {Hozzáférés megtagadva} A folyamat hozzáférést kért egy objektumhoz, de ehhez nem volt engedélye. (0xc0000022)
[0416/193044.221:ERROR:exception_snapshot_win.cc(98)] thread ID 128816 not found in process
[0416/193044.225:ERROR:process_reader_win.cc(123)] NtOpenThread: {Hozzáférés megtagadva} A folyamat hozzáférést kért egy objektumhoz, de ehhez nem volt engedélye. (0xc0000022)
[0416/193044.225:ERROR:process_reader_win.cc(151)] SuspendThread: A hozzáférés megtagadva. (0x5)
[0416/193044.226:ERROR:exception_snapshot_win.cc(98)] thread ID 128836 not found in process
[0416/193044.226:ERROR:process_reader_win.cc(151)] SuspendThread: A hozzáférés megtagadva. (0x5)
[0416/193044.226:ERROR:process_reader_win.cc(123)] NtOpenThread: {Hozzáférés megtagadva} A folyamat hozzáférést kért egy objektumhoz, de ehhez nem volt engedélye. (0xc0000022)
[0416/193044.226:ERROR:exception_snapshot_win.cc(98)] thread ID 128860 not found in process
[0416/193044.273:ERROR:process_reader_win.cc(123)] NtOpenThread: {Hozzáférés megtagadva} A folyamat hozzáférést kért egy objektumhoz, de ehhez nem volt engedélye. (0xc0000022)
[0416/193044.273:ERROR:exception_snapshot_win.cc(98)] thread ID 128848 not found in process
[0416/193044.289:ERROR:process_reader_win.cc(151)] SuspendThread: A hozzáférés megtagadva. (0x5)
[0416/193044.289:ERROR:process_reader_win.cc(151)] SuspendThread: A hozzáférés megtagadva. (0x5)
[0416/193044.289:ERROR:process_reader_win.cc(123)] NtOpenThread: {Hozzáférés megtagadva} A folyamat hozzáférést kért egy objektumhoz, de ehhez nem volt engedélye. (0xc0000022)
[0416/193044.289:ERROR:exception_snapshot_win.cc(98)] thread ID 128872 not found in process
[0418/104709.832:ERROR:process_reader_win.cc(123)] NtOpenThread: {Hozzáférés megtagadva} A folyamat hozzáférést kért egy objektumhoz, de ehhez nem volt engedélye. (0xc0000022)
[0418/104709.834:ERROR:exception_snapshot_win.cc(98)] thread ID 349128 not found in process
[0418/132157.476:ERROR:process_reader_win.cc(123)] NtOpenThread: {Hozzáférés megtagadva} A folyamat hozzáférést kért egy objektumhoz, de ehhez nem volt engedélye. (0xc0000022)
[0418/132157.486:ERROR:exception_snapshot_win.cc(98)] thread ID 369164 not found in process
[0419/175020.129:ERROR:process_reader_win.cc(123)] NtOpenThread: {Hozzáférés megtagadva} A folyamat hozzáférést kért egy objektumhoz, de ehhez nem volt engedélye. (0xc0000022)
[0419/175020.129:ERROR:process_reader_win.cc(123)] NtOpenThread: {Hozzáférés megtagadva} A folyamat hozzáférést kért egy objektumhoz, de ehhez nem volt engedélye. (0xc0000022)
[0419/175020.131:ERROR:exception_snapshot_win.cc(98)] thread ID 431988 not found in process
[0419/175020.131:ERROR:exception_snapshot_win.cc(98)] thread ID 436872 not found in process
[0419/175046.816:ERROR:process_reader_win.cc(123)] NtOpenThread: {Hozzáférés megtagadva} A folyamat hozzáférést kért egy objektumhoz, de ehhez nem volt engedélye. (0xc0000022)
[0419/175046.816:ERROR:exception_snapshot_win.cc(98)] thread ID 398324 not found in process
[0420/204324.984:ERROR:process_reader_win.cc(123)] NtOpenThread: {Hozzáférés megtagadva} A folyamat hozzáférést kért egy objektumhoz, de ehhez nem volt engedélye. (0xc0000022)
[0420/204324.988:ERROR:exception_snapshot_win.cc(98)] thread ID 540012 not found in process
[0422/120601.878:ERROR:process_reader_win.cc(123)] NtOpenThread: {Hozzáférés megtagadva} A folyamat hozzáférést kért egy objektumhoz, de ehhez nem volt engedélye. (0xc0000022)
[0422/120601.881:ERROR:exception_snapshot_win.cc(98)] thread ID 92732 not found in process
[0423/124255.343:ERROR:process_reader_win.cc(123)] NtOpenThread: {Hozzáférés megtagadva} A folyamat hozzáférést kért egy objektumhoz, de ehhez nem volt engedélye. (0xc0000022)
[0423/124255.345:ERROR:exception_snapshot_win.cc(98)] thread ID 189076 not found in process
[0423/201002.146:ERROR:process_reader_win.cc(123)] NtOpenThread: {Hozzáférés megtagadva} A folyamat hozzáférést kért egy objektumhoz, de ehhez nem volt engedélye. (0xc0000022)
[0423/201002.154:ERROR:process_reader_win.cc(123)] NtOpenThread: {Hozzáférés megtagadva} A folyamat hozzáférést kért egy objektumhoz, de ehhez nem volt engedélye. (0xc0000022)
[0423/201002.158:ERROR:exception_snapshot_win.cc(98)] thread ID 249816 not found in process
[0423/201002.158:ERROR:exception_snapshot_win.cc(98)] thread ID 249804 not found in process
[0423/201002.158:ERROR:process_reader_win.cc(151)] SuspendThread: A hozzáférés megtagadva. (0x5)
[0423/201002.162:ERROR:process_reader_win.cc(123)] NtOpenThread: {Hozzáférés megtagadva} A folyamat hozzáférést kért egy objektumhoz, de ehhez nem volt engedélye. (0xc0000022)
[0423/201002.162:ERROR:exception_snapshot_win.cc(98)] thread ID 249800 not found in process
